<?xml version="1.0" encoding="UTF-8"?>
<!-- Generated by org.testng.reporters.JUnitXMLReporter -->
<testsuite ignored="0" hostname="KQ-LP-049" failures="2" tests="10" name="Test" time="6.727" errors="0" timestamp="2024-06-27T12:55:08 IST">
  <testcase classname="com.demoqa.qa.test.FullFlowTest" name="enterFormDetails" time="4.092"/>
  <testcase classname="com.demoqa.qa.test.FullFlowTest" name="verifyTheName" time="0.234"/>
  <testcase classname="com.demoqa.qa.test.FullFlowTest" name="verifyTheEmail" time="0.035"/>
  <testcase classname="com.demoqa.qa.test.FullFlowTest" name="verifyTheGender" time="0.087">
    <failure type="java.lang.AssertionError" message="expected [vvv] but found [Male]">
      <![CDATA[java.lang.AssertionError: expected [vvv] but found [Male]
at com.demoqa.qa.test.FullFlowTest.verifyTheGender(FullFlowTest.java:139)
at java.base/java.util.ArrayList.forEach(ArrayList.java:1511)
... Removed 37 stack frames]]>
    </failure>
  </testcase> <!-- verifyTheGender -->
  <testcase classname="com.demoqa.qa.test.FullFlowTest" name="verifyTheMobileNumber" time="0.041"/>
  <testcase classname="com.demoqa.qa.test.FullFlowTest" name="verifyTheBirthDate" time="0.033">
    <failure type="java.lang.AssertionError" message="expected [25 Jan 1968] but found [25 January,1968]">
      <![CDATA[java.lang.AssertionError: expected [25 Jan 1968] but found [25 January,1968]
at com.demoqa.qa.test.FullFlowTest.verifyTheBirthDate(FullFlowTest.java:159)
at java.base/java.util.ArrayList.forEach(ArrayList.java:1511)
... Removed 37 stack frames]]>
    </failure>
  </testcase> <!-- verifyTheBirthDate -->
  <testcase classname="com.demoqa.qa.test.FullFlowTest" name="verifyTheSubjects" time="0.033"/>
  <testcase classname="com.demoqa.qa.test.FullFlowTest" name="verifyTheHobbies" time="0.033"/>
  <testcase classname="com.demoqa.qa.test.FullFlowTest" name="verifyTheAddress" time="0.032"/>
  <testcase classname="com.demoqa.qa.test.FullFlowTest" name="verifyTheLocation" time="0.033"/>
</testsuite> <!-- Test -->
